<?xml version="1.0" encoding="UTF-8"?>
<!-- Generated by org.testng.reporters.JUnitReportReporter -->
<testsuite skipped="0" hostname="IB-Pune-LAP-342" name="com.nopcommerceV2.testcases.TC_LoginTest" tests="1" failures="0" timestamp="04 May 2022 11:32:24 GMT" time="47.759" errors="0">
  <testcase name="LoginTest" time="47.759" classname="com.nopcommerceV2.testcases.TC_LoginTest"/>
</testsuite> <!-- com.nopcommerceV2.testcases.TC_LoginTest -->
